<?xml version="1.0" encoding="UTF-8"?>
<!-- Generated by org.testng.reporters.JUnitXMLReporter -->
<testsuite hostname="Computer-PC" name="Test login in ie" tests="1" failures="0" timestamp="25 Jun 2016 15:54:31 GMT" time="0.871" errors="0">
  <testcase name="@BeforeTest setUp" time="0.0" classname="test.TestLogin">
    <failure type="org.openqa.selenium.remote.SessionNotFoundException" message="Unexpected error launching Internet Explorer. IELaunchURL() returned HRESULT 80070002 (&amp;apos;The system cannot find the file specified.&amp;apos;) for URL &amp;apos;http://localhost:25087/&amp;apos; (WARNING: The server did not provide any stacktrace information)
Command duration or timeout: 701 milliseconds
Build info: version: &amp;apos;2.53.0&amp;apos;, revision: &amp;apos;35ae25b&amp;apos;, time: &amp;apos;2016-03-15 16:57:40&amp;apos;
System info: host: &amp;apos;Computer-PC&amp;apos;, ip: &amp;apos;127.0.0.1&amp;apos;, os.name: &amp;apos;Windows 7&amp;apos;, os.arch: &amp;apos;x86&amp;apos;, os.version: &amp;apos;6.1&amp;apos;, java.version: &amp;apos;1.8.0_65&amp;apos;
Driver info: org.openqa.selenium.ie.InternetExplorerDriver">
      <![CDATA[org.openqa.selenium.remote.SessionNotFoundException: Unexpected error launching Internet Explorer. IELaunchURL() returned HRESULT 80070002 ('The system cannot find the file specified.') for URL 'http://localhost:25087/' (WARNING: The server did not provide any stacktrace information)
Command duration or timeout: 701 milliseconds
Build info: version: '2.53.0', revision: '35ae25b', time: '2016-03-15 16:57:40'
System info: host: 'Computer-PC', ip: '127.0.0.1', os.name: 'Windows 7', os.arch: 'x86', os.version: '6.1', java.version: '1.8.0_65'
Driver info: org.openqa.selenium.ie.InternetExplorerDriver
	at org.openqa.selenium.remote.ErrorHandler.createThrowable(ErrorHandler.java:206)
	at org.openqa.selenium.remote.ErrorHandler.throwIfResponseFailed(ErrorHandler.java:158)
	at org.openqa.selenium.remote.RemoteWebDriver.execute(RemoteWebDriver.java:678)
	at org.openqa.selenium.remote.RemoteWebDriver.startSession(RemoteWebDriver.java:249)
	at org.openqa.selenium.remote.RemoteWebDriver.startSession(RemoteWebDriver.java:234)
	at org.openqa.selenium.ie.InternetExplorerDriver.run(InternetExplorerDriver.java:182)
	at org.openqa.selenium.ie.InternetExplorerDriver.<init>(InternetExplorerDriver.java:174)
	at org.openqa.selenium.ie.InternetExplorerDriver.<init>(InternetExplorerDriver.java:150)
	at common.OpenBrowser.multi_browser(OpenBrowser.java:38)
	at test.TestLogin.setUp(TestLogin.java:22)
... Removed 26 stack frames]]>
    </failure>
  </testcase> <!-- @BeforeTest setUp -->
  <testcase name="@AfterTest tearDown" time="0.0" classname="test.TestLogin">
    <skipped/>
  </testcase> <!-- @AfterTest tearDown -->
  <testcase name="Login_Successful" time="0.01" classname="test.TestLogin">
    <skipped/>
  </testcase> <!-- Login_Successful -->
</testsuite> <!-- Test login in ie -->
